This is pdfTeX, Version 3.141592653-2.6-1.40.22 (TeX Live 2021) (preloaded format=pdflatex 2021.5.3)  3 JUL 2021 17:24
entering extended mode
 restricted \write18 enabled.
 file:line:error style messages enabled.
 %&-line parsing enabled.
**/Users/mauroficorella/GitHub/Human-Computer-Interaction/Documentazione/Relation/report_HCI.tex
(/Users/mauroficorella/GitHub/Human-Computer-Interaction/Documentazione/Relation/report_HCI.tex
LaTeX2e <2020-10-01> patch level 4
L3 programming layer <2021-02-18> (/usr/local/texlive/2021/texmf-dist/tex/latex/base/article.cls
Document Class: article 2020/04/10 v1.4m Standard LaTeX document class
(/usr/local/texlive/2021/texmf-dist/tex/latex/base/size12.clo
File: size12.clo 2020/04/10 v1.4m Standard LaTeX file (size option)
)
\c@part=\count179
\c@section=\count180
\c@subsection=\count181
\c@subsubsection=\count182
\c@paragraph=\count183
\c@subparagraph=\count184
\c@figure=\count185
\c@table=\count186
\abovecaptionskip=\skip47
\belowcaptionskip=\skip48
\bibindent=\dimen138
) (/usr/local/texlive/2021/texmf-dist/tex/latex/geometry/geometry.sty
Package: geometry 2020/01/02 v5.9 Page Geometry
 (/usr/local/texlive/2021/texmf-dist/tex/latex/graphics/keyval.sty
Package: keyval 2014/10/28 v1.15 key=value parser (DPC)
\KV@toks@=\toks15
) (/usr/local/texlive/2021/texmf-dist/tex/generic/iftex/ifvtex.sty
Package: ifvtex 2019/10/25 v1.7 ifvtex legacy package. Use iftex instead.
 (/usr/local/texlive/2021/texmf-dist/tex/generic/iftex/iftex.sty
Package: iftex 2020/03/06 v1.0d TeX engine tests
))
\Gm@cnth=\count187
\Gm@cntv=\count188
\c@Gm@tempcnt=\count189
\Gm@bindingoffset=\dimen139
\Gm@wd@mp=\dimen140
\Gm@odd@mp=\dimen141
\Gm@even@mp=\dimen142
\Gm@layoutwidth=\dimen143
\Gm@layoutheight=\dimen144
\Gm@layouthoffset=\dimen145
\Gm@layoutvoffset=\dimen146
\Gm@dimlist=\toks16
) (/usr/local/texlive/2021/texmf-dist/tex/latex/amsmath/amsmath.sty
Package: amsmath 2020/09/23 v2.17i AMS math features
\@mathmargin=\skip49

For additional information on amsmath, use the `?' option.
(/usr/local/texlive/2021/texmf-dist/tex/latex/amsmath/amstext.sty
Package: amstext 2000/06/29 v2.01 AMS text
 (/usr/local/texlive/2021/texmf-dist/tex/latex/amsmath/amsgen.sty
File: amsgen.sty 1999/11/30 v2.0 generic functions
\@emptytoks=\toks17
\ex@=\dimen147
)) (/usr/local/texlive/2021/texmf-dist/tex/latex/amsmath/amsbsy.sty
Package: amsbsy 1999/11/29 v1.2d Bold Symbols
\pmbraise@=\dimen148
) (/usr/local/texlive/2021/texmf-dist/tex/latex/amsmath/amsopn.sty
Package: amsopn 2016/03/08 v2.02 operator names
)
\inf@bad=\count190
LaTeX Info: Redefining \frac on input line 234.
\uproot@=\count191
\leftroot@=\count192
LaTeX Info: Redefining \overline on input line 399.
\classnum@=\count193
\DOTSCASE@=\count194
LaTeX Info: Redefining \ldots on input line 496.
LaTeX Info: Redefining \dots on input line 499.
LaTeX Info: Redefining \cdots on input line 620.
\Mathstrutbox@=\box47
\strutbox@=\box48
\big@size=\dimen149
LaTeX Font Info:    Redeclaring font encoding OML on input line 743.
LaTeX Font Info:    Redeclaring font encoding OMS on input line 744.
\macc@depth=\count195
\c@MaxMatrixCols=\count196
\dotsspace@=\muskip16
\c@parentequation=\count197
\dspbrk@lvl=\count198
\tag@help=\toks18
\row@=\count199
\column@=\count266
\maxfields@=\count267
\andhelp@=\toks19
\eqnshift@=\dimen150
\alignsep@=\dimen151
\tagshift@=\dimen152
\tagwidth@=\dimen153
\totwidth@=\dimen154
\lineht@=\dimen155
\@envbody=\toks20
\multlinegap=\skip50
\multlinetaggap=\skip51
\mathdisplay@stack=\toks21
LaTeX Info: Redefining \[ on input line 2923.
LaTeX Info: Redefining \] on input line 2924.
) (/usr/local/texlive/2021/texmf-dist/tex/latex/graphics/graphicx.sty
Package: graphicx 2020/09/09 v1.2b Enhanced LaTeX Graphics (DPC,SPQR)
 (/usr/local/texlive/2021/texmf-dist/tex/latex/graphics/graphics.sty
Package: graphics 2020/08/30 v1.4c Standard LaTeX Graphics (DPC,SPQR)
 (/usr/local/texlive/2021/texmf-dist/tex/latex/graphics/trig.sty
Package: trig 2016/01/03 v1.10 sin cos tan (DPC)
) (/usr/local/texlive/2021/texmf-dist/tex/latex/graphics-cfg/graphics.cfg
File: graphics.cfg 2016/06/04 v1.11 sample graphics configuration
)
Package graphics Info: Driver file: pdftex.def on input line 105.
 (/usr/local/texlive/2021/texmf-dist/tex/latex/graphics-def/pdftex.def
File: pdftex.def 2020/10/05 v1.2a Graphics/color driver for pdftex
))
\Gin@req@height=\dimen156
\Gin@req@width=\dimen157
) (/usr/local/texlive/2021/texmf-dist/tex/latex/algorithms/algorithm.sty
Package: algorithm 2009/08/24 v0.1 Document Style `algorithm' - floating environment
 (/usr/local/texlive/2021/texmf-dist/tex/latex/float/float.sty
Package: float 2001/11/08 v1.3d Float enhancements (AL)
\c@float@type=\count268
\float@exts=\toks22
\float@box=\box49
\@float@everytoks=\toks23
\@floatcapt=\box50
) (/usr/local/texlive/2021/texmf-dist/tex/latex/base/ifthen.sty
Package: ifthen 2014/09/29 v1.1c Standard LaTeX ifthen package (DPC)
)
\@float@every@algorithm=\toks24
\c@algorithm=\count269
) (/usr/local/texlive/2021/texmf-dist/tex/latex/algorithms/algorithmic.sty
Package: algorithmic 2009/08/24 v0.1 Document Style `algorithmic'
\c@ALC@unique=\count270
\c@ALC@line=\count271
\c@ALC@rem=\count272
\c@ALC@depth=\count273
\ALC@tlm=\skip52
\algorithmicindent=\skip53
) (/usr/local/texlive/2021/texmf-dist/tex/latex/tools/multicol.sty
Package: multicol 2019/12/09 v1.8y multicolumn formatting (FMi)
\c@tracingmulticols=\count274
\mult@box=\box51
\multicol@leftmargin=\dimen158
\c@unbalance=\count275
\c@collectmore=\count276
\doublecol@number=\count277
\multicoltolerance=\count278
\multicolpretolerance=\count279
\full@width=\dimen159
\page@free=\dimen160
\premulticols=\dimen161
\postmulticols=\dimen162
\multicolsep=\skip54
\multicolbaselineskip=\skip55
\partial@page=\box52
\last@line=\box53
\maxbalancingoverflow=\dimen163
\mult@rightbox=\box54
\mult@grightbox=\box55
\mult@gfirstbox=\box56
\mult@firstbox=\box57
\@tempa=\box58
\@tempa=\box59
\@tempa=\box60
\@tempa=\box61
\@tempa=\box62
\@tempa=\box63
\@tempa=\box64
\@tempa=\box65
\@tempa=\box66
\@tempa=\box67
\@tempa=\box68
\@tempa=\box69
\@tempa=\box70
\@tempa=\box71
\@tempa=\box72
\@tempa=\box73
\@tempa=\box74
\@tempa=\box75
\@tempa=\box76
\@tempa=\box77
\@tempa=\box78
\@tempa=\box79
\@tempa=\box80
\@tempa=\box81
\@tempa=\box82
\@tempa=\box83
\@tempa=\box84
\@tempa=\box85
\@tempa=\box86
\@tempa=\box87
\@tempa=\box88
\@tempa=\box89
\@tempa=\box90
\@tempa=\box91
\@tempa=\box92
\@tempa=\box93
\@tempa=\box94
\c@minrows=\count280
\c@columnbadness=\count281
\c@finalcolumnbadness=\count282
\last@try=\dimen164
\multicolovershoot=\dimen165
\multicolundershoot=\dimen166
\mult@nat@firstbox=\box95
\colbreak@box=\box96
\mc@col@check@num=\count283
) (/usr/local/texlive/2021/texmf-dist/tex/latex/amscls/amsthm.sty
Package: amsthm 2020/05/29 v2.20.6
\thm@style=\toks25
\thm@bodyfont=\toks26
\thm@headfont=\toks27
\thm@notefont=\toks28
\thm@headpunct=\toks29
\thm@preskip=\skip56
\thm@postskip=\skip57
\thm@headsep=\skip58
\dth@everypar=\toks30
) (/usr/local/texlive/2021/texmf-dist/tex/latex/tools/bm.sty
Package: bm 2019/07/24 v1.2d Bold Symbol Support (DPC/FMi)
\symboldoperators=\mathgroup4
\symboldletters=\mathgroup5
\symboldsymbols=\mathgroup6
LaTeX Font Info:    Redeclaring math alphabet \mathbf on input line 141.
LaTeX Info: Redefining \bm on input line 209.
) (/usr/local/texlive/2021/texmf-dist/tex/latex/fancyhdr/fancyhdr.sty
Package: fancyhdr 2021/01/28 v4.0.1 Extensive control of page headers and footers
\f@nch@headwidth=\skip59
\f@nch@O@elh=\skip60
\f@nch@O@erh=\skip61
\f@nch@O@olh=\skip62
\f@nch@O@orh=\skip63
\f@nch@O@elf=\skip64
\f@nch@O@erf=\skip65
\f@nch@O@olf=\skip66
\f@nch@O@orf=\skip67
) (/usr/local/texlive/2021/texmf-dist/tex/latex/amsfonts/amssymb.sty
Package: amssymb 2013/01/14 v3.01 AMS font symbols
 (/usr/local/texlive/2021/texmf-dist/tex/latex/amsfonts/amsfonts.sty
Package: amsfonts 2013/01/14 v3.01 Basic AMSFonts support
\symAMSa=\mathgroup7
\symAMSb=\mathgroup8
LaTeX Font Info:    Redeclaring math symbol \hbar on input line 98.
LaTeX Font Info:    Overwriting math alphabet `\mathfrak' in version `bold'
(Font)                  U/euf/m/n --> U/euf/b/n on input line 106.
)) (/usr/local/texlive/2021/texmf-dist/tex/latex/psnfss/pifont.sty
Package: pifont 2020/03/25 PSNFSS-v9.3 Pi font support (SPQR) 
LaTeX Font Info:    Trying to load font information for U+pzd on input line 63.
 (/usr/local/texlive/2021/texmf-dist/tex/latex/psnfss/upzd.fd
File: upzd.fd 2001/06/04 font definitions for U/pzd.
)
LaTeX Font Info:    Trying to load font information for U+psy on input line 64.
 (/usr/local/texlive/2021/texmf-dist/tex/latex/psnfss/upsy.fd
File: upsy.fd 2001/06/04 font definitions for U/psy.
)) (/usr/local/texlive/2021/texmf-dist/tex/latex/tools/array.sty
Package: array 2020/10/01 v2.5c Tabular extension package (FMi)
\col@sep=\dimen167
\ar@mcellbox=\box97
\extrarowheight=\dimen168
\NC@list=\toks31
\extratabsurround=\skip68
\backup@length=\skip69
\ar@cellbox=\box98
) (/usr/local/texlive/2021/texmf-dist/tex/latex/hyperref/hyperref.sty
Package: hyperref 2021-02-27 v7.00k Hypertext links for LaTeX
 (/usr/local/texlive/2021/texmf-dist/tex/generic/ltxcmds/ltxcmds.sty
Package: ltxcmds 2020-05-10 v1.25 LaTeX kernel commands for general use (HO)
) (/usr/local/texlive/2021/texmf-dist/tex/generic/pdftexcmds/pdftexcmds.sty
Package: pdftexcmds 2020-06-27 v0.33 Utility functions of pdfTeX for LuaTeX (HO)
 (/usr/local/texlive/2021/texmf-dist/tex/generic/infwarerr/infwarerr.sty
Package: infwarerr 2019/12/03 v1.5 Providing info/warning/error messages (HO)
)
Package pdftexcmds Info: \pdf@primitive is available.
Package pdftexcmds Info: \pdf@ifprimitive is available.
Package pdftexcmds Info: \pdfdraftmode found.
) (/usr/local/texlive/2021/texmf-dist/tex/generic/kvsetkeys/kvsetkeys.sty
Package: kvsetkeys 2019/12/15 v1.18 Key value parser (HO)
) (/usr/local/texlive/2021/texmf-dist/tex/generic/kvdefinekeys/kvdefinekeys.sty
Package: kvdefinekeys 2019-12-19 v1.6 Define keys (HO)
) (/usr/local/texlive/2021/texmf-dist/tex/generic/pdfescape/pdfescape.sty
Package: pdfescape 2019/12/09 v1.15 Implements pdfTeX's escape features (HO)
) (/usr/local/texlive/2021/texmf-dist/tex/latex/hycolor/hycolor.sty
Package: hycolor 2020-01-27 v1.10 Color options for hyperref/bookmark (HO)
) (/usr/local/texlive/2021/texmf-dist/tex/latex/letltxmacro/letltxmacro.sty
Package: letltxmacro 2019/12/03 v1.6 Let assignment for LaTeX macros (HO)
) (/usr/local/texlive/2021/texmf-dist/tex/latex/auxhook/auxhook.sty
Package: auxhook 2019-12-17 v1.6 Hooks for auxiliary files (HO)
) (/usr/local/texlive/2021/texmf-dist/tex/latex/kvoptions/kvoptions.sty
Package: kvoptions 2020-10-07 v3.14 Key value format for package options (HO)
)
\@linkdim=\dimen169
\Hy@linkcounter=\count284
\Hy@pagecounter=\count285
 (/usr/local/texlive/2021/texmf-dist/tex/latex/hyperref/pd1enc.def
File: pd1enc.def 2021-02-27 v7.00k Hyperref: PDFDocEncoding definition (HO)
Now handling font encoding PD1 ...
... no UTF-8 mapping file for font encoding PD1
) (/usr/local/texlive/2021/texmf-dist/tex/latex/hyperref/hyperref-langpatches.def
File: hyperref-langpatches.def 2021-02-27 v7.00k Hyperref: patches for babel languages
) (/usr/local/texlive/2021/texmf-dist/tex/generic/intcalc/intcalc.sty
Package: intcalc 2019/12/15 v1.3 Expandable calculations with integers (HO)
) (/usr/local/texlive/2021/texmf-dist/tex/generic/etexcmds/etexcmds.sty
Package: etexcmds 2019/12/15 v1.7 Avoid name clashes with e-TeX commands (HO)
)
\Hy@SavedSpaceFactor=\count286
 (/usr/local/texlive/2021/texmf-dist/tex/latex/hyperref/puenc.def
File: puenc.def 2021-02-27 v7.00k Hyperref: PDF Unicode definition (HO)
Now handling font encoding PU ...
... no UTF-8 mapping file for font encoding PU
)
Package hyperref Info: Hyper figures OFF on input line 4192.
Package hyperref Info: Link nesting OFF on input line 4197.
Package hyperref Info: Hyper index ON on input line 4200.
Package hyperref Info: Plain pages OFF on input line 4207.
Package hyperref Info: Backreferencing OFF on input line 4212.
Package hyperref Info: Implicit mode ON; LaTeX internals redefined.
Package hyperref Info: Bookmarks ON on input line 4445.
\c@Hy@tempcnt=\count287
 (/usr/local/texlive/2021/texmf-dist/tex/latex/url/url.sty
\Urlmuskip=\muskip17
Package: url 2013/09/16  ver 3.4  Verb mode for urls, etc.
)
LaTeX Info: Redefining \url on input line 4804.
\XeTeXLinkMargin=\dimen170
 (/usr/local/texlive/2021/texmf-dist/tex/generic/bitset/bitset.sty
Package: bitset 2019/12/09 v1.3 Handle bit-vector datatype (HO)
 (/usr/local/texlive/2021/texmf-dist/tex/generic/bigintcalc/bigintcalc.sty
Package: bigintcalc 2019/12/15 v1.5 Expandable calculations on big integers (HO)
))
\Fld@menulength=\count288
\Field@Width=\dimen171
\Fld@charsize=\dimen172
Package hyperref Info: Hyper figures OFF on input line 6075.
Package hyperref Info: Link nesting OFF on input line 6080.
Package hyperref Info: Hyper index ON on input line 6083.
Package hyperref Info: backreferencing OFF on input line 6090.
Package hyperref Info: Link coloring OFF on input line 6095.
Package hyperref Info: Link coloring with OCG OFF on input line 6100.
Package hyperref Info: PDF/A mode OFF on input line 6105.
LaTeX Info: Redefining \ref on input line 6145.
LaTeX Info: Redefining \pageref on input line 6149.
 (/usr/local/texlive/2021/texmf-dist/tex/latex/base/atbegshi-ltx.sty
Package: atbegshi-ltx 2020/08/17 v1.0a Emulation of the original atbegshi package
with kernel methods
)
\Hy@abspage=\count289
\c@Item=\count290
\c@Hfootnote=\count291
)
Package hyperref Info: Driver (autodetected): hpdftex.
 (/usr/local/texlive/2021/texmf-dist/tex/latex/hyperref/hpdftex.def
File: hpdftex.def 2021-02-27 v7.00k Hyperref driver for pdfTeX
 (/usr/local/texlive/2021/texmf-dist/tex/latex/base/atveryend-ltx.sty
Package: atveryend-ltx 2020/08/19 v1.0a Emulation of the original atvery package
with kernel methods
)
\Fld@listcount=\count292
\c@bookmark@seq@number=\count293
 (/usr/local/texlive/2021/texmf-dist/tex/latex/rerunfilecheck/rerunfilecheck.sty
Package: rerunfilecheck 2019/12/05 v1.9 Rerun checks for auxiliary files (HO)
 (/usr/local/texlive/2021/texmf-dist/tex/generic/uniquecounter/uniquecounter.sty
Package: uniquecounter 2019/12/15 v1.4 Provide unlimited unique counter (HO)
)
Package uniquecounter Info: New unique counter `rerunfilecheck' on input line 286.
)
\Hy@SectionHShift=\skip70
) (/usr/local/texlive/2021/texmf-dist/tex/latex/xcolor/xcolor.sty
Package: xcolor 2016/05/11 v2.12 LaTeX color extensions (UK)
 (/usr/local/texlive/2021/texmf-dist/tex/latex/graphics-cfg/color.cfg
File: color.cfg 2016/01/02 v1.6 sample color configuration
)
Package xcolor Info: Driver file: pdftex.def on input line 225.
Package xcolor Info: Model `cmy' substituted by `cmy0' on input line 1348.
Package xcolor Info: Model `hsb' substituted by `rgb' on input line 1352.
Package xcolor Info: Model `RGB' extended on input line 1364.
Package xcolor Info: Model `HTML' substituted by `rgb' on input line 1366.
Package xcolor Info: Model `Hsb' substituted by `hsb' on input line 1367.
Package xcolor Info: Model `tHsb' substituted by `hsb' on input line 1368.
Package xcolor Info: Model `HSB' substituted by `hsb' on input line 1369.
Package xcolor Info: Model `Gray' substituted by `gray' on input line 1370.
Package xcolor Info: Model `wave' substituted by `hsb' on input line 1371.
 (/usr/local/texlive/2021/texmf-dist/tex/latex/graphics/dvipsnam.def
File: dvipsnam.def 2016/06/17 v3.0m Driver-dependent file (DPC,SPQR)
)) (/usr/local/texlive/2021/texmf-dist/tex/latex/l3backend/l3backend-pdftex.def
File: l3backend-pdftex.def 2021-03-18 L3 backend support: PDF output (pdfTeX)
\l__color_backend_stack_int=\count294
\l__pdf_internal_box=\box99
) (/Users/mauroficorella/GitHub/Human-Computer-Interaction/Documentazione/Relation/report_HCI.aux)
\openout1 = `report_HCI.aux'.

LaTeX Font Info:    Checking defaults for OML/cmm/m/it on input line 32.
LaTeX Font Info:    ... okay on input line 32.
LaTeX Font Info:    Checking defaults for OMS/cmsy/m/n on input line 32.
LaTeX Font Info:    ... okay on input line 32.
LaTeX Font Info:    Checking defaults for OT1/cmr/m/n on input line 32.
LaTeX Font Info:    ... okay on input line 32.
LaTeX Font Info:    Checking defaults for T1/cmr/m/n on input line 32.
LaTeX Font Info:    ... okay on input line 32.
LaTeX Font Info:    Checking defaults for TS1/cmr/m/n on input line 32.
LaTeX Font Info:    ... okay on input line 32.
LaTeX Font Info:    Checking defaults for OMX/cmex/m/n on input line 32.
LaTeX Font Info:    ... okay on input line 32.
LaTeX Font Info:    Checking defaults for U/cmr/m/n on input line 32.
LaTeX Font Info:    ... okay on input line 32.
LaTeX Font Info:    Checking defaults for PD1/pdf/m/n on input line 32.
LaTeX Font Info:    ... okay on input line 32.
LaTeX Font Info:    Checking defaults for PU/pdf/m/n on input line 32.
LaTeX Font Info:    ... okay on input line 32.

*geometry* driver: auto-detecting
*geometry* detected driver: pdftex
*geometry* verbose mode - [ preamble ] result:
* driver: pdftex
* paper: a4paper
* layout: <same size as paper>
* layoutoffset:(h,v)=(0.0pt,0.0pt)
* modes: 
* h-part:(L,W,R)=(42.67912pt, 512.14963pt, 42.67912pt)
* v-part:(T,H,B)=(42.67912pt, 759.6886pt, 42.67912pt)
* \paperwidth=597.50787pt
* \paperheight=845.04684pt
* \textwidth=512.14963pt
* \textheight=759.6886pt
* \oddsidemargin=-29.59087pt
* \evensidemargin=-29.59087pt
* \topmargin=-66.59087pt
* \headheight=12.0pt
* \headsep=25.0pt
* \topskip=12.0pt
* \footskip=30.0pt
* \marginparwidth=35.0pt
* \marginparsep=10.0pt
* \columnsep=10.0pt
* \skip\footins=10.8pt plus 4.0pt minus 2.0pt
* \hoffset=0.0pt
* \voffset=0.0pt
* \mag=1000
* \@twocolumnfalse
* \@twosidefalse
* \@mparswitchfalse
* \@reversemarginfalse
* (1in=72.27pt=25.4mm, 1cm=28.453pt)

(/usr/local/texlive/2021/texmf-dist/tex/context/base/mkii/supp-pdf.mkii
[Loading MPS to PDF converter (version 2006.09.02).]
\scratchcounter=\count295
\scratchdimen=\dimen173
\scratchbox=\box100
\nofMPsegments=\count296
\nofMParguments=\count297
\everyMPshowfont=\toks32
\MPscratchCnt=\count298
\MPscratchDim=\dimen174
\MPnumerator=\count299
\makeMPintoPDFobject=\count300
\everyMPtoPDFconversion=\toks33
) (/usr/local/texlive/2021/texmf-dist/tex/latex/epstopdf-pkg/epstopdf-base.sty
Package: epstopdf-base 2020-01-24 v2.11 Base part for package epstopdf
 (/usr/local/texlive/2021/texmf-dist/tex/latex/grfext/grfext.sty
Package: grfext 2019/12/03 v1.3 Manage graphics extensions (HO)
)
Package epstopdf-base Info: Redefining graphics rule for `.eps' on input line 485.
Package grfext Info: Graphics extension search list:
(grfext)             [.pdf,.png,.jpg,.mps,.jpeg,.jbig2,.jb2,.PDF,.PNG,.JPG,.JPEG,.JBIG2,.JB2,.eps]
(grfext)             \AppendGraphicsExtensions on input line 504.
 (/usr/local/texlive/2021/texmf-dist/tex/latex/latexconfig/epstopdf-sys.cfg
File: epstopdf-sys.cfg 2010/07/13 v1.3 Configuration of (r)epstopdf for TeX Live
))
Package hyperref Info: Link coloring OFF on input line 32.
 (/usr/local/texlive/2021/texmf-dist/tex/latex/hyperref/nameref.sty
Package: nameref 2021-04-02 v2.47 Cross-referencing by name of section
 (/usr/local/texlive/2021/texmf-dist/tex/latex/refcount/refcount.sty
Package: refcount 2019/12/15 v3.6 Data extraction from label references (HO)
) (/usr/local/texlive/2021/texmf-dist/tex/generic/gettitlestring/gettitlestring.sty
Package: gettitlestring 2019/12/15 v1.6 Cleanup title references (HO)
)
\c@section@level=\count301
)
LaTeX Info: Redefining \ref on input line 32.
LaTeX Info: Redefining \pageref on input line 32.
LaTeX Info: Redefining \nameref on input line 32.
 (/Users/mauroficorella/GitHub/Human-Computer-Interaction/Documentazione/Relation/report_HCI.out) (/Users/mauroficorella/GitHub/Human-Computer-Interaction/Documentazione/Relation/report_HCI.out)
\@outlinefile=\write3
\openout3 = `report_HCI.out'.

<Images/Logo.jpg, id=108, 232.61906pt x 240.14719pt>
File: Images/Logo.jpg Graphic file (type jpg)
<use Images/Logo.jpg>
Package pdftex.def Info: Images/Logo.jpg  used on input line 54.
(pdftex.def)             Requested size: 204.85672pt x 211.49138pt.
 [1

{/usr/local/texlive/2021/texmf-var/fonts/map/pdftex/updmap/pdftex.map} </Users/mauroficorella/GitHub/Human-Computer-Interaction/Documentazione/Relation/Images/Logo.jpg>] (/Users/mauroficorella/GitHub/Human-Computer-Interaction/Documentazione/Relation/report_HCI.toc
LaTeX Font Info:    Trying to load font information for U+msa on input line 3.
 (/usr/local/texlive/2021/texmf-dist/tex/latex/amsfonts/umsa.fd
File: umsa.fd 2013/01/14 v3.01 AMS symbols A
)
LaTeX Font Info:    Trying to load font information for U+msb on input line 3.
 (/usr/local/texlive/2021/texmf-dist/tex/latex/amsfonts/umsb.fd
File: umsb.fd 2013/01/14 v3.01 AMS symbols B
))
\tf@toc=\write4
\openout4 = `report_HCI.toc'.

pdfTeX warning (ext4): destination with the same identifier (name{page.1}) has been already used, duplicate ignored
<to be read again> 
                   \relax 
l.73 \newpage
              [1]
Underfull \hbox (badness 10000) in paragraph at lines 79--97

 []


Underfull \hbox (badness 10000) in paragraph at lines 79--97

 []

pdfTeX warning (ext4): destination with the same identifier (name{page.1}) has been already used, duplicate ignored
<to be read again> 
                   \relax 
l.104 \newpage
               [1]
Underfull \hbox (badness 10000) in paragraph at lines 121--125

 []

<Images/IMDb.png, id=150, 541.02126pt x 103.38625pt>
File: Images/IMDb.png Graphic file (type png)
<use Images/IMDb.png>
Package pdftex.def Info: Images/IMDb.png  used on input line 126.
(pdftex.def)             Requested size: 204.85672pt x 39.14677pt.

Underfull \hbox (badness 10000) in paragraph at lines 125--134

 []

<Images/Cinemaniac.png, id=152, 541.02126pt x 103.38625pt>
File: Images/Cinemaniac.png Graphic file (type png)
<use Images/Cinemaniac.png>
Package pdftex.def Info: Images/Cinemaniac.png  used on input line 136.
(pdftex.def)             Requested size: 204.85672pt x 39.14677pt.

Underfull \hbox (badness 10000) in paragraph at lines 135--145

 []


Underfull \hbox (badness 10000) in paragraph at lines 135--145

 []

[2 </Users/mauroficorella/GitHub/Human-Computer-Interaction/Documentazione/Relation/Images/IMDb.png> </Users/mauroficorella/GitHub/Human-Computer-Interaction/Documentazione/Relation/Images/Cinemaniac.png>]
Underfull \hbox (badness 10000) in paragraph at lines 180--182

 []

<images/vittoria.png, id=162, 171.5208pt x 172.4844pt>
File: images/vittoria.png Graphic file (type png)
<use images/vittoria.png>
Package pdftex.def Info: images/vittoria.png  used on input line 215.
(pdftex.def)             Requested size: 153.64644pt x 154.51338pt.

Underfull \hbox (badness 10000) in paragraph at lines 219--226

 []

[3 </Users/mauroficorella/GitHub/Human-Computer-Interaction/Documentazione/Relation/images/vittoria.png>]
<images/emanuele.png, id=171, 171.5208pt x 171.5208pt>
File: images/emanuele.png Graphic file (type png)
<use images/emanuele.png>
Package pdftex.def Info: images/emanuele.png  used on input line 244.
(pdftex.def)             Requested size: 153.64644pt x 153.65016pt.

Underfull \hbox (badness 10000) in paragraph at lines 248--255

 []


Underfull \hbox (badness 10000) in paragraph at lines 277--284

 []

<Images/age.png, id=172, 806.01125pt x 304.13625pt>
File: Images/age.png Graphic file (type png)
<use Images/age.png>
Package pdftex.def Info: Images/age.png  used on input line 286.
(pdftex.def)             Requested size: 358.50317pt x 135.2729pt.

Underfull \hbox (badness 10000) in paragraph at lines 285--287

 []


Underfull \hbox (badness 10000) in paragraph at lines 285--287

 []

[4 </Users/mauroficorella/GitHub/Human-Computer-Interaction/Documentazione/Relation/images/emanuele.png>]
<Images/gender.png, id=182, 887.315pt x 305.14pt>
File: Images/gender.png Graphic file (type png)
<use Images/gender.png>
Package pdftex.def Info: Images/gender.png  used on input line 289.
(pdftex.def)             Requested size: 358.50317pt x 123.28302pt.

Underfull \hbox (badness 10000) in paragraph at lines 288--290

 []


Underfull \hbox (badness 10000) in paragraph at lines 288--290

 []

<Images/education.png, id=183, 887.315pt x 305.14pt>
File: Images/education.png Graphic file (type png)
<use Images/education.png>
Package pdftex.def Info: Images/education.png  used on input line 292.
(pdftex.def)             Requested size: 358.50317pt x 123.28302pt.

Underfull \hbox (badness 10000) in paragraph at lines 291--293

 []


Underfull \hbox (badness 10000) in paragraph at lines 291--293

 []

<Images/timeAtPhone.png, id=184, 806.01125pt x 304.13625pt>
File: Images/timeAtPhone.png Graphic file (type png)
<use Images/timeAtPhone.png>
Package pdftex.def Info: Images/timeAtPhone.png  used on input line 295.
(pdftex.def)             Requested size: 358.50317pt x 135.2729pt.

Underfull \hbox (badness 10000) in paragraph at lines 294--296

 []


Underfull \hbox (badness 10000) in paragraph at lines 294--296

 []

<Images/timeAtCinema.png, id=185, 887.315pt x 305.14pt>
File: Images/timeAtCinema.png Graphic file (type png)
<use Images/timeAtCinema.png>
Package pdftex.def Info: Images/timeAtCinema.png  used on input line 298.
(pdftex.def)             Requested size: 358.50317pt x 123.28302pt.

Underfull \hbox (badness 10000) in paragraph at lines 297--299

 []


Underfull \hbox (badness 10000) in paragraph at lines 297--299

 []

[5 </Users/mauroficorella/GitHub/Human-Computer-Interaction/Documentazione/Relation/Images/age.png> </Users/mauroficorella/GitHub/Human-Computer-Interaction/Documentazione/Relation/Images/gender.png> </Users/mauroficorella/GitHub/Human-Computer-Interaction/Documentazione/Relation/Images/education.png> </Users/mauroficorella/GitHub/Human-Computer-Interaction/Documentazione/Relation/Images/timeAtPhone.png>]
<Images/timeStreaming.png, id=199, 887.315pt x 305.14pt>
File: Images/timeStreaming.png Graphic file (type png)
<use Images/timeStreaming.png>
Package pdftex.def Info: Images/timeStreaming.png  used on input line 301.
(pdftex.def)             Requested size: 358.50317pt x 123.28302pt.

Underfull \hbox (badness 10000) in paragraph at lines 300--302

 []


Underfull \hbox (badness 10000) in paragraph at lines 300--302

 []

<Images/streamingPlatform.png, id=200, 675.4836pt x 392.1852pt>
File: Images/streamingPlatform.png Graphic file (type png)
<use Images/streamingPlatform.png>
Package pdftex.def Info: Images/streamingPlatform.png  used on input line 304.
(pdftex.def)             Requested size: 512.14963pt x 297.36966pt.

Underfull \hbox (badness 10000) in paragraph at lines 303--305

 []


Underfull \hbox (badness 10000) in paragraph at lines 303--305

 []


Underfull \hbox (badness 10000) in paragraph at lines 303--305

 []

<Images/streamingPlatformUsed.png, id=201, 886.9938pt x 354.123pt>
File: Images/streamingPlatformUsed.png Graphic file (type png)
<use Images/streamingPlatformUsed.png>
Package pdftex.def Info: Images/streamingPlatformUsed.png  used on input line 307.
(pdftex.def)             Requested size: 512.14963pt x 204.47829pt.

Underfull \hbox (badness 10000) in paragraph at lines 306--308

 []


Underfull \hbox (badness 10000) in paragraph at lines 306--308

 []

[6 </Users/mauroficorella/GitHub/Human-Computer-Interaction/Documentazione/Relation/Images/timeAtCinema.png> </Users/mauroficorella/GitHub/Human-Computer-Interaction/Documentazione/Relation/Images/timeStreaming.png> </Users/mauroficorella/GitHub/Human-Computer-Interaction/Documentazione/Relation/Images/streamingPlatform.png>]
<Images/app.png, id=212, 887.315pt x 305.14pt>
File: Images/app.png Graphic file (type png)
<use Images/app.png>
Package pdftex.def Info: Images/app.png  used on input line 310.
(pdftex.def)             Requested size: 358.50317pt x 123.28302pt.

Underfull \hbox (badness 10000) in paragraph at lines 309--311

 []


Underfull \hbox (badness 10000) in paragraph at lines 309--311

 []

<images/appUsed.png, id=213, 901.9296pt x 335.8146pt>
File: images/appUsed.png Graphic file (type png)
<use images/appUsed.png>
Package pdftex.def Info: images/appUsed.png  used on input line 313.
(pdftex.def)             Requested size: 512.14963pt x 190.69893pt.

Underfull \hbox (badness 10000) in paragraph at lines 312--314

 []


Underfull \hbox (badness 10000) in paragraph at lines 312--314

 []


Underfull \hbox (badness 10000) in paragraph at lines 312--314

 []


Underfull \hbox (badness 10000) in paragraph at lines 312--314

 []


Underfull \hbox (badness 10000) in paragraph at lines 312--314

 []

<images/interesting.png, id=214, 919.2744pt x 292.9344pt>
File: images/interesting.png Graphic file (type png)
<use images/interesting.png>
Package pdftex.def Info: images/interesting.png  used on input line 316.
(pdftex.def)             Requested size: 512.14963pt x 163.20181pt.

Underfull \hbox (badness 10000) in paragraph at lines 315--317

 []


Underfull \hbox (badness 10000) in paragraph at lines 315--317

 []

[7 </Users/mauroficorella/GitHub/Human-Computer-Interaction/Documentazione/Relation/Images/streamingPlatformUsed.png> </Users/mauroficorella/GitHub/Human-Computer-Interaction/Documentazione/Relation/Images/app.png> </Users/mauroficorella/GitHub/Human-Computer-Interaction/Documentazione/Relation/images/appUsed.png>]
<Images/features.png, id=225, 964.5636pt x 245.718pt>
File: Images/features.png Graphic file (type png)
<use Images/features.png>
Package pdftex.def Info: Images/features.png  used on input line 319.
(pdftex.def)             Requested size: 512.14963pt x 130.47362pt.

Underfull \hbox (badness 10000) in paragraph at lines 318--320

 []


Underfull \hbox (badness 10000) in paragraph at lines 318--320

 []

[8 </Users/mauroficorella/GitHub/Human-Computer-Interaction/Documentazione/Relation/images/interesting.png> </Users/mauroficorella/GitHub/Human-Computer-Interaction/Documentazione/Relation/Images/features.png>]
Underfull \hbox (badness 10000) in paragraph at lines 347--357

 []


Underfull \hbox (badness 10000) in paragraph at lines 366--369

 []

<images/Login HTA.png, id=235, 1662.21pt x 642.4pt>
File: images/Login HTA.png Graphic file (type png)
<use images/Login HTA.png>
Package pdftex.def Info: images/Login HTA.png  used on input line 373.
(pdftex.def)             Requested size: 512.14963pt x 197.92647pt.

Underfull \hbox (badness 10000) in paragraph at lines 370--374

 []


Underfull \hbox (badness 10000) in paragraph at lines 375--376

 []


Underfull \hbox (badness 10000) in paragraph at lines 375--376

 []

<images/LoginSTN.png, id=236, 644.1666pt x 318.9516pt>
File: images/LoginSTN.png Graphic file (type png)
<use images/LoginSTN.png>
Package pdftex.def Info: images/LoginSTN.png  used on input line 379.
(pdftex.def)             Requested size: 460.93153pt x 228.22386pt.

Underfull \hbox (badness 10000) in paragraph at lines 376--380

 []

[9 </Users/mauroficorella/GitHub/Human-Computer-Interaction/Documentazione/Relation/images/Login HTA.png>]
Underfull \hbox (badness 10000) in paragraph at lines 382--383

 []


Underfull \hbox (badness 10000) in paragraph at lines 385--388

 []

<images/Search HTA.png, id=243, 507.39563pt x 233.37187pt>
File: images/Search HTA.png Graphic file (type png)
<use images/Search HTA.png>
Package pdftex.def Info: images/Search HTA.png  used on input line 392.
(pdftex.def)             Requested size: 512.14963pt x 235.56483pt.

Underfull \hbox (badness 10000) in paragraph at lines 389--393

 []


Underfull \hbox (badness 10000) in paragraph at lines 394--395

 []

<images/SearchSTN.png, id=244, 594.0594pt x 378.213pt>
File: images/SearchSTN.png Graphic file (type png)
<use images/SearchSTN.png>
Package pdftex.def Info: images/SearchSTN.png  used on input line 398.
(pdftex.def)             Requested size: 512.14963pt x 326.09363pt.

Underfull \hbox (badness 10000) in paragraph at lines 395--399

 []

[10 </Users/mauroficorella/GitHub/Human-Computer-Interaction/Documentazione/Relation/images/LoginSTN.png> </Users/mauroficorella/GitHub/Human-Computer-Interaction/Documentazione/Relation/images/Search HTA.png>]
<images/Add movie HTA.png, id=253, 869.2475pt x 622.325pt>
File: images/Add movie HTA.png Graphic file (type png)
<use images/Add movie HTA.png>
Package pdftex.def Info: images/Add movie HTA.png  used on input line 409.
(pdftex.def)             Requested size: 307.2929pt x 220.00107pt.

Underfull \hbox (badness 10000) in paragraph at lines 406--410

 []

<images/AddMovieSTN.png, id=254, 666.3294pt x 96.36pt>
File: images/AddMovieSTN.png Graphic file (type png)
<use images/AddMovieSTN.png>
Package pdftex.def Info: images/AddMovieSTN.png  used on input line 415.
(pdftex.def)             Requested size: 512.14963pt x 74.06508pt.

Underfull \hbox (badness 10000) in paragraph at lines 412--416

 []

[11 </Users/mauroficorella/GitHub/Human-Computer-Interaction/Documentazione/Relation/images/SearchSTN.png> </Users/mauroficorella/GitHub/Human-Computer-Interaction/Documentazione/Relation/images/Add movie HTA.png>]
Underfull \hbox (badness 10000) in paragraph at lines 418--419

 []


Underfull \hbox (badness 10000) in paragraph at lines 421--423

 []

<images/Make a review HTA.png, id=264, 1274.7625pt x 863.225pt>
File: images/Make a review HTA.png Graphic file (type png)
<use images/Make a review HTA.png>
Package pdftex.def Info: images/Make a review HTA.png  used on input line 427.
(pdftex.def)             Requested size: 512.14963pt x 346.8118pt.

Underfull \hbox (badness 10000) in paragraph at lines 424--428

 []


Underfull \hbox (badness 10000) in paragraph at lines 429--430

 []


Underfull \hbox (badness 10000) in paragraph at lines 429--430

 []


Underfull \hbox (badness 10000) in paragraph at lines 429--430

 []

<images/MakeAReviewSTN.png, id=265, 579.1236pt x 327.1422pt>
File: images/MakeAReviewSTN.png Graphic file (type png)
<use images/MakeAReviewSTN.png>
Package pdftex.def Info: images/MakeAReviewSTN.png  used on input line 433.
(pdftex.def)             Requested size: 512.14963pt x 289.33862pt.

Underfull \hbox (badness 10000) in paragraph at lines 430--434

 []

[12 </Users/mauroficorella/GitHub/Human-Computer-Interaction/Documentazione/Relation/images/AddMovieSTN.png> </Users/mauroficorella/GitHub/Human-Computer-Interaction/Documentazione/Relation/images/Make a review HTA.png>]
Underfull \hbox (badness 10000) in paragraph at lines 438--440

 []

<images/Comments HTA.png, id=274, 1359.0775pt x 622.325pt>
File: images/Comments HTA.png Graphic file (type png)
<use images/Comments HTA.png>
Package pdftex.def Info: images/Comments HTA.png  used on input line 444.
(pdftex.def)             Requested size: 512.14963pt x 234.5108pt.

Underfull \hbox (badness 10000) in paragraph at lines 441--445

 []


Underfull \hbox (badness 10000) in paragraph at lines 446--447

 []

<images/CommentsSTN.png, id=275, 572.8602pt x 337.26pt>
File: images/CommentsSTN.png Graphic file (type png)
<use images/CommentsSTN.png>
Package pdftex.def Info: images/CommentsSTN.png  used on input line 450.
(pdftex.def)             Requested size: 512.14963pt x 301.53963pt.

Underfull \hbox (badness 10000) in paragraph at lines 447--451

 []

[13 </Users/mauroficorella/GitHub/Human-Computer-Interaction/Documentazione/Relation/images/MakeAReviewSTN.png> </Users/mauroficorella/GitHub/Human-Computer-Interaction/Documentazione/Relation/images/Comments HTA.png>] [14 </Users/mauroficorella/GitHub/Human-Computer-Interaction/Documentazione/Relation/images/CommentsSTN.png>]
Underfull \hbox (badness 10000) in paragraph at lines 458--462

 []

<images/mockups/signInSignUp.png, id=290, 272.6988pt x 229.8186pt>
File: images/mockups/signInSignUp.png Graphic file (type png)
<use images/mockups/signInSignUp.png>
Package pdftex.def Info: images/mockups/signInSignUp.png  used on input line 474.
(pdftex.def)             Requested size: 256.07481pt x 215.8156pt.
<images/mockups/loginSocial.png, id=291, 272.6988pt x 227.4096pt>
File: images/mockups/loginSocial.png Graphic file (type png)
<use images/mockups/loginSocial.png>
Package pdftex.def Info: images/mockups/loginSocial.png  used on input line 479.
(pdftex.def)             Requested size: 256.07481pt x 213.55338pt.
<images/mockups/search2.png, id=292, 622.9674pt x 187.4202pt>
File: images/mockups/search2.png Graphic file (type png)
<use images/mockups/search2.png>
Package pdftex.def Info: images/mockups/search2.png  used on input line 488.
(pdftex.def)             Requested size: 512.14963pt x 154.08592pt.

Underfull \hbox (badness 10000) in paragraph at lines 483--490

 []


Underfull \hbox (badness 10000) in paragraph at lines 483--490

 []

[15 </Users/mauroficorella/GitHub/Human-Computer-Interaction/Documentazione/Relation/images/mockups/signInSignUp.png> </Users/mauroficorella/GitHub/Human-Computer-Interaction/Documentazione/Relation/images/mockups/loginSocial.png>]
<images/mockups/Movie page.